
> svelte-site-blog@0.0.1 build /home/p/Svelte-site-blog
> vite build

`config.kit.csrf.checkOrigin` has been deprecated in favour of `csrf.trustedOrigins`. It will be removed in a future version
vite v7.3.1 building ssr environment for production...
transforming...
✓ 270 modules transformed.
rendering chunks...
`config.kit.csrf.checkOrigin` has been deprecated in favour of `csrf.trustedOrigins`. It will be removed in a future version
`config.kit.csrf.checkOrigin` has been deprecated in favour of `csrf.trustedOrigins`. It will be removed in a future version
vite v7.3.1 building client environment for production...
transforming...
✓ 232 modules transformed.
rendering chunks...
computing gzip size...
.svelte-kit/output/client/_app/version.json                         0.03 kB │ gzip:  0.05 kB
.svelte-kit/output/client/.vite/manifest.json                      28.26 kB │ gzip:  2.77 kB
.svelte-kit/output/client/_app/immutable/assets/13.NsgTiEG_.css     0.06 kB │ gzip:  0.07 kB
.svelte-kit/output/client/_app/immutable/assets/2.CbSAKzKl.css      0.33 kB │ gzip:  0.15 kB
.svelte-kit/output/client/_app/immutable/assets/app.PPSumOQJ.css   71.64 kB │ gzip: 11.44 kB
.svelte-kit/output/client/_app/immutable/chunks/DsnmJJEf.js         0.07 kB │ gzip:  0.08 kB
.svelte-kit/output/client/_app/immutable/entry/start.CpO3YnES.js    0.08 kB │ gzip:  0.09 kB
.svelte-kit/output/client/_app/immutable/chunks/CqkleIqs.js         0.12 kB │ gzip:  0.13 kB
.svelte-kit/output/client/_app/immutable/chunks/CFDsjxc0.js         0.26 kB │ gzip:  0.20 kB
.svelte-kit/output/client/_app/immutable/chunks/1nJAVgHz.js         0.30 kB │ gzip:  0.22 kB
.svelte-kit/output/client/_app/immutable/chunks/3R8hUI8_.js         0.30 kB │ gzip:  0.22 kB
.svelte-kit/output/client/_app/immutable/chunks/DE1u1ahq.js         0.31 kB │ gzip:  0.18 kB
.svelte-kit/output/client/_app/immutable/nodes/23.BvhwZ9CB.js       0.33 kB │ gzip:  0.27 kB
.svelte-kit/output/client/_app/immutable/chunks/BtSyvjBU.js         0.37 kB │ gzip:  0.28 kB
.svelte-kit/output/client/_app/immutable/chunks/eJ4ZPqt_.js         0.38 kB │ gzip:  0.28 kB
.svelte-kit/output/client/_app/immutable/chunks/DEAYyu8j.js         0.41 kB │ gzip:  0.30 kB
.svelte-kit/output/client/_app/immutable/chunks/wL22vLqa.js         0.55 kB │ gzip:  0.30 kB
.svelte-kit/output/client/_app/immutable/chunks/CLiB21Rt.js         0.59 kB │ gzip:  0.40 kB
.svelte-kit/output/client/_app/immutable/chunks/CtserNjN.js         0.60 kB │ gzip:  0.32 kB
.svelte-kit/output/client/_app/immutable/nodes/3.DuYU_6rE.js        0.96 kB │ gzip:  0.58 kB
.svelte-kit/output/client/_app/immutable/chunks/BbEU4IMn.js         0.99 kB │ gzip:  0.58 kB
.svelte-kit/output/client/_app/immutable/chunks/DB90-ovp.js         1.00 kB │ gzip:  0.52 kB
.svelte-kit/output/client/_app/immutable/chunks/BT1k4_gA.js         1.25 kB │ gzip:  0.68 kB
.svelte-kit/output/client/_app/immutable/chunks/Div39NL5.js         1.26 kB │ gzip:  0.65 kB
.svelte-kit/output/client/_app/immutable/chunks/BapAUJpM.js         1.33 kB │ gzip:  0.78 kB
.svelte-kit/output/client/_app/immutable/chunks/CKs7wKjW.js         1.46 kB │ gzip:  0.81 kB
.svelte-kit/output/client/_app/immutable/nodes/1.DJyK8Ake.js        1.53 kB │ gzip:  0.92 kB
.svelte-kit/output/client/_app/immutable/chunks/C1oznVs4.js         1.53 kB │ gzip:  0.67 kB
.svelte-kit/output/client/_app/immutable/nodes/21.kmoPQPjF.js       1.64 kB │ gzip:  0.95 kB
.svelte-kit/output/client/_app/immutable/nodes/18.Wy-G6SaX.js       1.89 kB │ gzip:  0.95 kB
.svelte-kit/output/client/_app/immutable/chunks/CwYmGgXg.js         1.94 kB │ gzip:  0.92 kB
.svelte-kit/output/client/_app/immutable/chunks/1S9TqIKZ.js         1.99 kB │ gzip:  0.97 kB
.svelte-kit/output/client/_app/immutable/chunks/-CFbpOHR.js         2.01 kB │ gzip:  0.99 kB
.svelte-kit/output/client/_app/immutable/chunks/dHFT2wrl.js         2.04 kB │ gzip:  1.04 kB
.svelte-kit/output/client/_app/immutable/chunks/DW29g31Q.js         2.57 kB │ gzip:  1.26 kB
.svelte-kit/output/client/_app/immutable/chunks/yJcis8XU.js         2.58 kB │ gzip:  1.19 kB
.svelte-kit/output/client/_app/immutable/chunks/C0Qlvn2p.js         2.62 kB │ gzip:  1.30 kB
.svelte-kit/output/client/_app/immutable/chunks/FYkWC-vc.js         3.22 kB │ gzip:  1.33 kB
.svelte-kit/output/client/_app/immutable/nodes/15.CbJ_yiMr.js       3.51 kB │ gzip:  1.62 kB
.svelte-kit/output/client/_app/immutable/nodes/17.CRNNolD-.js       3.59 kB │ gzip:  1.64 kB
.svelte-kit/output/client/_app/immutable/nodes/8.CXg1JlxW.js        3.64 kB │ gzip:  1.60 kB
.svelte-kit/output/client/_app/immutable/nodes/7.CR64PvvQ.js        3.69 kB │ gzip:  1.81 kB
.svelte-kit/output/client/_app/immutable/nodes/0.B83O3im6.js        3.70 kB │ gzip:  1.75 kB
.svelte-kit/output/client/_app/immutable/chunks/BlGaIAQA.js         3.84 kB │ gzip:  1.82 kB
.svelte-kit/output/client/_app/immutable/nodes/19.D9ptsQNR.js       5.03 kB │ gzip:  2.22 kB
.svelte-kit/output/client/_app/immutable/chunks/Bfcsn2iP.js         5.66 kB │ gzip:  2.33 kB
.svelte-kit/output/client/_app/immutable/chunks/DccTSKZv.js         5.79 kB │ gzip:  2.63 kB
.svelte-kit/output/client/_app/immutable/chunks/YslUTGUm.js         6.20 kB │ gzip:  2.07 kB
.svelte-kit/output/client/_app/immutable/nodes/6.oSoVYDvV.js        6.31 kB │ gzip:  2.54 kB
.svelte-kit/output/client/_app/immutable/chunks/BMnFWwXp.js         6.40 kB │ gzip:  2.95 kB
.svelte-kit/output/client/_app/immutable/chunks/CNH_pK8s.js         6.71 kB │ gzip:  2.48 kB
.svelte-kit/output/client/_app/immutable/nodes/10.CxUZrtIt.js       7.32 kB │ gzip:  3.04 kB
.svelte-kit/output/client/_app/immutable/nodes/4.7IxL6W18.js        7.53 kB │ gzip:  2.93 kB
.svelte-kit/output/client/_app/immutable/nodes/9.iRoGh9Y9.js        7.97 kB │ gzip:  2.99 kB
.svelte-kit/output/client/_app/immutable/chunks/BXqXxc26.js         8.29 kB │ gzip:  3.49 kB
.svelte-kit/output/client/_app/immutable/nodes/2.w2lfKlQH.js        8.58 kB │ gzip:  3.00 kB
.svelte-kit/output/client/_app/immutable/chunks/Dpm5F9HL.js         9.14 kB │ gzip:  3.41 kB
.svelte-kit/output/client/_app/immutable/nodes/22.Dv3oUkpV.js       9.63 kB │ gzip:  3.77 kB
.svelte-kit/output/client/_app/immutable/entry/app.BzNdiEgm.js      9.80 kB │ gzip:  3.48 kB
.svelte-kit/output/client/_app/immutable/nodes/20.CXI47lX3.js       9.93 kB │ gzip:  4.11 kB
.svelte-kit/output/client/_app/immutable/chunks/C85vZDhn.js        10.24 kB │ gzip:  4.33 kB
.svelte-kit/output/client/_app/immutable/nodes/14.DaBaaJly.js      11.04 kB │ gzip:  3.86 kB
.svelte-kit/output/client/_app/immutable/chunks/7j6IkbhM.js        12.46 kB │ gzip:  3.98 kB
.svelte-kit/output/client/_app/immutable/nodes/12.DXDFqPaQ.js      12.64 kB │ gzip:  4.56 kB
.svelte-kit/output/client/_app/immutable/nodes/11.D9U2CJtY.js      13.58 kB │ gzip:  5.06 kB
.svelte-kit/output/client/_app/immutable/nodes/5.CCPkY2Oa.js       14.02 kB │ gzip:  4.54 kB
.svelte-kit/output/client/_app/immutable/chunks/Dd_yckR-.js        21.20 kB │ gzip:  7.17 kB
.svelte-kit/output/client/_app/immutable/chunks/Da8RFpJU.js        24.39 kB │ gzip:  7.47 kB
.svelte-kit/output/client/_app/immutable/chunks/B8R9DfDR.js        24.92 kB │ gzip:  9.67 kB
.svelte-kit/output/client/_app/immutable/chunks/Cr0SQjYe.js        26.09 kB │ gzip:  6.97 kB
.svelte-kit/output/client/_app/immutable/nodes/13.b3dq8AfS.js      29.54 kB │ gzip:  8.77 kB
.svelte-kit/output/client/_app/immutable/chunks/DVCHW6Rp.js        29.75 kB │ gzip:  9.80 kB
.svelte-kit/output/client/_app/immutable/chunks/o-PuqwmK.js        29.97 kB │ gzip: 10.24 kB
.svelte-kit/output/client/_app/immutable/chunks/Y_P4ES3a.js        33.60 kB │ gzip: 13.11 kB
.svelte-kit/output/client/_app/immutable/chunks/B9Hc3Tzm.js        43.86 kB │ gzip: 11.11 kB
.svelte-kit/output/client/_app/immutable/chunks/CEMDhs8x.js        49.07 kB │ gzip: 13.11 kB
.svelte-kit/output/client/_app/immutable/chunks/B1f5EWUv.js       243.19 kB │ gzip: 65.81 kB
✓ built in 1.90s
`config.kit.csrf.checkOrigin` has been deprecated in favour of `csrf.trustedOrigins`. It will be removed in a future version
.svelte-kit/output/server/.vite/manifest.json                                             22.96 kB
.svelte-kit/output/server/_app/immutable/assets/_page.NsgTiEG_.css                         0.06 kB
.svelte-kit/output/server/_app/immutable/assets/_layout.CbSAKzKl.css                       0.33 kB
.svelte-kit/output/server/_app/immutable/assets/app.PPSumOQJ.css                          71.64 kB
.svelte-kit/output/server/chunks/html.js                                                   0.14 kB
.svelte-kit/output/server/entries/pages/(admin)/dashboard/notifications/_page.ts.js        0.19 kB
.svelte-kit/output/server/entries/pages/(pages)/privacy/_page.svelte.js                    0.26 kB
.svelte-kit/output/server/chunks/shared-server.js                                          0.28 kB
.svelte-kit/output/server/chunks/equality.js                                               0.33 kB
.svelte-kit/output/server/chunks/state.svelte.js                                           0.37 kB
.svelte-kit/output/server/entries/endpoints/api/set-cookie/_server.ts.js                   0.38 kB
.svelte-kit/output/server/internal.js                                                      0.38 kB
.svelte-kit/output/server/entries/endpoints/api/link/_server.ts.js                         0.46 kB
.svelte-kit/output/server/entries/pages/(admin)/dashboard/_layout.server.ts.js             0.49 kB
.svelte-kit/output/server/entries/pages/(pages)/about/_page.server.ts.js                   0.53 kB
.svelte-kit/output/server/chunks/escaping.js                                               0.53 kB
.svelte-kit/output/server/entries/pages/(auth)/auth/logout/_page.server.ts.js              0.54 kB
.svelte-kit/output/server/chunks/environment.js                                            0.65 kB
.svelte-kit/output/server/chunks/auth.js                                                   0.67 kB
.svelte-kit/output/server/entries/pages/_layout.server.ts.js                               0.81 kB
.svelte-kit/output/server/entries/endpoints/api/notifications/_server.ts.js                0.86 kB
.svelte-kit/output/server/entries/pages/(auth)/_layout.svelte.js                           0.87 kB
.svelte-kit/output/server/entries/pages/(admin)/dashboard/comments/_page.server.ts.js      0.91 kB
.svelte-kit/output/server/chunks/utils2.js                                                 0.91 kB
.svelte-kit/output/server/entries/endpoints/uploads/_...path_/_server.ts.js                1.02 kB
.svelte-kit/output/server/entries/endpoints/api/files/_id_/_server.ts.js                   1.09 kB
.svelte-kit/output/server/entries/pages/(admin)/dashboard/pages/_id_/_page.server.ts.js    1.12 kB
.svelte-kit/output/server/chunks/index3.js                                                 1.12 kB
.svelte-kit/output/server/chunks/utils.js                                                  1.15 kB
.svelte-kit/output/server/chunks/context.js                                                1.18 kB
.svelte-kit/output/server/entries/endpoints/api/settings/_server.ts.js                     1.18 kB
.svelte-kit/output/server/entries/endpoints/api/post-backup/_server.ts.js                  1.22 kB
.svelte-kit/output/server/entries/pages/(admin)/dashboard/pages/_page.server.ts.js         1.25 kB
.svelte-kit/output/server/chunks/index.js                                                  1.44 kB
.svelte-kit/output/server/entries/pages/(pages)/_page.server.ts.js                         1.52 kB
.svelte-kit/output/server/entries/pages/_error.svelte.js                                   1.57 kB
.svelte-kit/output/server/entries/endpoints/api/upload/_server.ts.js                       1.57 kB
.svelte-kit/output/server/entries/pages/(auth)/setup/_page.server.ts.js                    1.61 kB
.svelte-kit/output/server/entries/endpoints/api/upload/fetch/_server.ts.js                 1.63 kB
.svelte-kit/output/server/entries/pages/(pages)/about/_page.svelte.js                      1.70 kB
.svelte-kit/output/server/entries/pages/_layout.svelte.js                                  1.76 kB
.svelte-kit/output/server/entries/pages/(auth)/setup/_page.svelte.js                       1.88 kB
.svelte-kit/output/server/entries/pages/(pages)/_slug_/_page.server.ts.js                  1.96 kB
.svelte-kit/output/server/entries/endpoints/api/settings/migrate-storage/_server.ts.js     2.02 kB
.svelte-kit/output/server/entries/pages/(auth)/auth/login/_page.server.ts.js               2.06 kB
.svelte-kit/output/server/entries/endpoints/api/verify-backup/_server.ts.js                2.11 kB
.svelte-kit/output/server/entries/pages/(admin)/dashboard/posts/new/_page.server.ts.js     2.26 kB
.svelte-kit/output/server/entries/pages/(admin)/dashboard/_page.server.ts.js               2.37 kB
.svelte-kit/output/server/entries/pages/(auth)/auth/register/_page.server.ts.js            2.39 kB
.svelte-kit/output/server/entries/pages/(admin)/dashboard/posts/_page.server.ts.js         2.41 kB
.svelte-kit/output/server/chunks/files.js                                                  2.46 kB
.svelte-kit/output/server/entries/pages/(admin)/dashboard/pages/_id_/_page.svelte.js       2.78 kB
.svelte-kit/output/server/entries/pages/(admin)/dashboard/posts/_id_/_page.server.ts.js    2.87 kB
.svelte-kit/output/server/chunks/settings.js                                               2.99 kB
.svelte-kit/output/server/entries/pages/(pages)/account/_page.server.ts.js                 3.19 kB
.svelte-kit/output/server/entries/pages/(admin)/dashboard/users/_page.server.ts.js         3.25 kB
.svelte-kit/output/server/chunks/hooks.server.js                                           3.28 kB
.svelte-kit/output/server/entries/pages/(admin)/dashboard/pages/_page.svelte.js            3.74 kB
.svelte-kit/output/server/chunks/backup.js                                                 3.90 kB
.svelte-kit/output/server/entries/pages/(auth)/auth/login/_page.svelte.js                  3.99 kB
.svelte-kit/output/server/entries/pages/(auth)/auth/register/_page.svelte.js               4.03 kB
.svelte-kit/output/server/entries/pages/(admin)/dashboard/notifications/_page.svelte.js    4.07 kB
.svelte-kit/output/server/entries/pages/(admin)/dashboard/settings/_page.server.ts.js      4.27 kB
.svelte-kit/output/server/entries/pages/(pages)/_page.svelte.js                            5.26 kB
.svelte-kit/output/server/chunks/exports.js                                                5.59 kB
.svelte-kit/output/server/entries/pages/(admin)/dashboard/posts/new/_page.svelte.js        6.25 kB
.svelte-kit/output/server/entries/pages/(admin)/dashboard/posts/_id_/_page.svelte.js       6.49 kB
.svelte-kit/output/server/entries/pages/(pages)/_layout.svelte.js                          6.52 kB
.svelte-kit/output/server/chunks/editor.js                                                 6.59 kB
.svelte-kit/output/server/entries/pages/(admin)/dashboard/comments/_page.svelte.js         6.73 kB
.svelte-kit/output/server/chunks/db.js                                                     7.80 kB
.svelte-kit/output/server/entries/pages/(admin)/dashboard/users/_page.svelte.js            7.82 kB
.svelte-kit/output/server/entries/pages/(admin)/dashboard/posts/_page.svelte.js            8.10 kB
.svelte-kit/output/server/entries/pages/(pages)/account/_page.svelte.js                    8.61 kB
.svelte-kit/output/server/entries/pages/(admin)/dashboard/_layout.svelte.js                9.15 kB
.svelte-kit/output/server/entries/pages/(pages)/_slug_/_page.svelte.js                    10.49 kB
.svelte-kit/output/server/chunks/i18n.js                                                  11.94 kB
.svelte-kit/output/server/entries/pages/(admin)/dashboard/_page.svelte.js                 14.06 kB
.svelte-kit/output/server/entries/pages/(admin)/dashboard/settings/_page.svelte.js        18.43 kB
.svelte-kit/output/server/remote-entry.js                                                 18.80 kB
.svelte-kit/output/server/chunks/index2.js                                                29.93 kB
.svelte-kit/output/server/chunks/shared.js                                                33.26 kB
.svelte-kit/output/server/chunks/internal.js                                              76.16 kB
.svelte-kit/output/server/index.js                                                       146.29 kB
✓ built in 4.49s

Run npm run preview to preview your production build locally.

> Using @sveltejs/adapter-node
  ✔ done
